Using pre-set license
Built from '2020.3/staging' branch; Version is '2020.3.3f1 (76626098c1c4) revision 7758432'; Using compiler version '192528614'; Build Type 'Release'
OS: 'Windows 10 Home; OS build 19042.928; Version 2009; 64bit' Language: 'ko' Physical Memory: 16324 MB
BatchMode: 1, IsHumanControllingUs: 0, StartBugReporterOnCrash: 0, Is64bit: 1, IsPro: 0

 COMMAND LINE ARGUMENTS:
C:\Program Files\Unity\Hub\Editor\2020.3.3f1\Editor\Unity.exe
-adb2
-batchMode
-noUpm
-name
AssetImportWorker0
-projectPath
D:/Users/tresp/Desktop/_/Effect_lecture/EffectTest/Effect_Study
-logFile
Logs/AssetImportWorker0.log
-srvPort
50294
Successfully changed project path to: D:/Users/tresp/Desktop/_/Effect_lecture/EffectTest/Effect_Study
D:/Users/tresp/Desktop/_/Effect_lecture/EffectTest/Effect_Study
Using Asset Import Pipeline V2.
Refreshing native plugins compatible for Editor in 79.14 ms, found 0 plugins.
Preloading 0 native plugins for Editor in 0.00 ms.
Initialize engine version: 2020.3.3f1 (76626098c1c4)
[Subsystems] Discovering subsystems at path C:/Program Files/Unity/Hub/Editor/2020.3.3f1/Editor/Data/Resources/UnitySubsystems
[Subsystems] Discovering subsystems at path D:/Users/tresp/Desktop/_/Effect_lecture/EffectTest/Effect_Study/Assets
GfxDevice: creating device client; threaded=0
Direct3D:
    Version:  Direct3D 11.0 [level 11.1]
    Renderer: AMD Radeon (TM) R9 390 Series (ID=0x67b1)
    Vendor:   
    VRAM:     8168 MB
    Driver:   27.20.14527.2002
Shader 'Universal Render Pipeline/Particles/Lit': fallback shader 'Universal Render Pipeline/Particles/SimpleLit' not found
Property (_MainTex) already exists. Use SetTexture instead.

Initialize mono
Mono path[0] = 'C:/Program Files/Unity/Hub/Editor/2020.3.3f1/Editor/Data/Managed'
Mono path[1] = 'C:/Program Files/Unity/Hub/Editor/2020.3.3f1/Editor/Data/MonoBleedingEdge/lib/mono/unityjit'
Mono config path = 'C:/Program Files/Unity/Hub/Editor/2020.3.3f1/Editor/Data/MonoBleedingEdge/etc'
Using monoOptions --debugger-agent=transport=dt_socket,embedding=1,server=y,suspend=n,address=127.0.0.1:56208
Begin MonoManager ReloadAssembly
Registering precompiled unity dll's ...
Register platform support module: C:/Program Files/Unity/Hub/Editor/2020.3.3f1/Editor/Data/PlaybackEngines/WindowsStandaloneSupport/UnityEditor.WindowsStandalone.Extensions.dll
Registered in 0.002749 seconds.
Native extension for WindowsStandalone target not found
Refreshing native plugins compatible for Editor in 78.84 ms, found 0 plugins.
Preloading 0 native plugins for Editor in 0.00 ms.
Invoked RoslynAnalysisRunner static constructor.
RoslynAnalysisRunner will not be running.
RoslynAnalysisRunner has terminated.
Mono: successfully reloaded assembly
- Completed reload, in  1.584 seconds
Platform modules already initialized, skipping
Registering precompiled user dll's ...
Registered in 0.001824 seconds.
Begin MonoManager ReloadAssembly
Native extension for WindowsStandalone target not found
Refreshing native plugins compatible for Editor in 84.06 ms, found 0 plugins.
Preloading 0 native plugins for Editor in 0.00 ms.
Invoked RoslynAnalysisRunner static constructor.
RoslynAnalysisRunner will not be running.
RoslynAnalysisRunner has terminated.
Mono: successfully reloaded assembly
- Completed reload, in  1.255 seconds
Platform modules already initialized, skipping
========================================================================
Worker process is ready to serve import requests
Property (_MainTex) already exists. Use SetTexture instead.

Shader 'Universal Render Pipeline/Particles/Lit': fallback shader 'Universal Render Pipeline/Particles/SimpleLit' not found
Launched and connected shader compiler UnityShaderCompiler.exe after 0.07 seconds
Refreshing native plugins compatible for Editor in 0.58 ms, found 0 plugins.
Preloading 0 native plugins for Editor in 0.00 ms.
Unloading 3091 Unused Serialized files (Serialized files now loaded: 0)
System memory in use before: 172.7 MB.
System memory in use after: 170.1 MB.

Unloading 43 unused Assets to reduce memory usage. Loaded Objects now: 3503.
Total: 3.626600 ms (FindLiveObjects: 0.354700 ms CreateObjectMapping: 0.180600 ms MarkObjects: 1.797800 ms  DeleteObjects: 1.292000 ms)

========================================================================
Received Import Request.
  path: Assets/Game/Assets/VisualEffects/Mesh/M_Effect_Slash3.fbx
  artifactKey: Guid(27831d509e842e84eaed37e1d3bff4c7) Importer(815301076,1909f56bfc062723c751e8b465ee728b)
Start importing Assets/Game/Assets/VisualEffects/Mesh/M_Effect_Slash3.fbx using Guid(27831d509e842e84eaed37e1d3bff4c7) Importer(815301076,1909f56bfc062723c751e8b465ee728b)  -> (artifact id: '6a06b48ee84a7fa01002f38ae4e720ec') in 0.442545 seconds
  Import took 0.450962 seconds .

========================================================================
Received Import Request.
  Time since last request: 0.000351 seconds.
  path: Assets/Game/Assets/VisualEffects/Shader
  artifactKey: Guid(83a77b6f02515944bbf75c52ff786520) Importer(815301076,1909f56bfc062723c751e8b465ee728b)
Start importing Assets/Game/Assets/VisualEffects/Shader using Guid(83a77b6f02515944bbf75c52ff786520) Importer(815301076,1909f56bfc062723c751e8b465ee728b)  -> (artifact id: 'b951014fa870467ef8d08b960ebf58a1') in 0.006733 seconds
  Import took 0.015032 seconds .

========================================================================
Received Import Request.
  Time since last request: 0.000312 seconds.
  path: Assets/Game/Assets/VisualEffects/Mesh/M_Effect_Pc_Slash1.FBX
  artifactKey: Guid(acb421b8c24cc204899052386a8f05fc) Importer(815301076,1909f56bfc062723c751e8b465ee728b)
Start importing Assets/Game/Assets/VisualEffects/Mesh/M_Effect_Pc_Slash1.FBX using Guid(acb421b8c24cc204899052386a8f05fc) Importer(815301076,1909f56bfc062723c751e8b465ee728b)  -> (artifact id: '080c65a219acef6a8a1c747b3d25a2b1') in 0.025562 seconds
  Import took 0.030467 seconds .

========================================================================
Received Import Request.
  Time since last request: 11.377487 seconds.
  path: Assets/Game/Assets/VisualEffects/Shader/S_Distortion.shader
  artifactKey: Guid(19e3ad70e382bbb488e167adc6deb05f) Importer(815301076,1909f56bfc062723c751e8b465ee728b)
Start importing Assets/Game/Assets/VisualEffects/Shader/S_Distortion.shader using Guid(19e3ad70e382bbb488e167adc6deb05f) Importer(815301076,1909f56bfc062723c751e8b465ee728b)  -> (artifact id: '82d10255a4eb0ba699ba3a6a540824d3') in 0.017265 seconds
  Import took 0.022886 seconds .

========================================================================
Received Import Request.
  Time since last request: 0.001734 seconds.
  path: Assets/Game/Assets/VisualEffects/Shader/S_Distortion.shader
  artifactKey: Guid(19e3ad70e382bbb488e167adc6deb05f) Importer(815301076,1909f56bfc062723c751e8b465ee728b)
Start importing Assets/Game/Assets/VisualEffects/Shader/S_Distortion.shader using Guid(19e3ad70e382bbb488e167adc6deb05f) Importer(815301076,1909f56bfc062723c751e8b465ee728b)  -> (artifact id: '82d10255a4eb0ba699ba3a6a540824d3') in 0.020292 seconds
  Import took 0.026513 seconds .

AssetImportWorkerClient::OnTransportError - code=2 error=End of file
