Using pre-set license
Built from '2020.3/staging' branch; Version is '2020.3.3f1 (76626098c1c4) revision 7758432'; Using compiler version '192528614'; Build Type 'Release'
OS: 'Windows 10 Home; OS build 19042.928; Version 2009; 64bit' Language: 'ko' Physical Memory: 16324 MB
BatchMode: 1, IsHumanControllingUs: 0, StartBugReporterOnCrash: 0, Is64bit: 1, IsPro: 0

 COMMAND LINE ARGUMENTS:
C:\Program Files\Unity\Hub\Editor\2020.3.3f1\Editor\Unity.exe
-adb2
-batchMode
-noUpm
-name
AssetImportWorker0
-projectPath
D:/Users/tresp/Desktop/_/Effect_lecture/EffectTest/Effect_Study
-logFile
Logs/AssetImportWorker0.log
-srvPort
60896
Successfully changed project path to: D:/Users/tresp/Desktop/_/Effect_lecture/EffectTest/Effect_Study
D:/Users/tresp/Desktop/_/Effect_lecture/EffectTest/Effect_Study
Using Asset Import Pipeline V2.
Refreshing native plugins compatible for Editor in 84.24 ms, found 0 plugins.
Preloading 0 native plugins for Editor in 0.00 ms.
Initialize engine version: 2020.3.3f1 (76626098c1c4)
[Subsystems] Discovering subsystems at path C:/Program Files/Unity/Hub/Editor/2020.3.3f1/Editor/Data/Resources/UnitySubsystems
[Subsystems] Discovering subsystems at path D:/Users/tresp/Desktop/_/Effect_lecture/EffectTest/Effect_Study/Assets
GfxDevice: creating device client; threaded=0
Direct3D:
    Version:  Direct3D 11.0 [level 11.1]
    Renderer: AMD Radeon (TM) R9 390 Series (ID=0x67b1)
    Vendor:   
    VRAM:     8168 MB
    Driver:   27.20.14527.2002
Shader 'Universal Render Pipeline/Particles/Lit': fallback shader 'Universal Render Pipeline/Particles/SimpleLit' not found
Property (_MainTex) already exists. Use SetTexture instead.

Initialize mono
Mono path[0] = 'C:/Program Files/Unity/Hub/Editor/2020.3.3f1/Editor/Data/Managed'
Mono path[1] = 'C:/Program Files/Unity/Hub/Editor/2020.3.3f1/Editor/Data/MonoBleedingEdge/lib/mono/unityjit'
Mono config path = 'C:/Program Files/Unity/Hub/Editor/2020.3.3f1/Editor/Data/MonoBleedingEdge/etc'
Using monoOptions --debugger-agent=transport=dt_socket,embedding=1,server=y,suspend=n,address=127.0.0.1:56548
Begin MonoManager ReloadAssembly
Registering precompiled unity dll's ...
Register platform support module: C:/Program Files/Unity/Hub/Editor/2020.3.3f1/Editor/Data/PlaybackEngines/WindowsStandaloneSupport/UnityEditor.WindowsStandalone.Extensions.dll
Registered in 0.002297 seconds.
Native extension for WindowsStandalone target not found
Refreshing native plugins compatible for Editor in 85.92 ms, found 0 plugins.
Preloading 0 native plugins for Editor in 0.00 ms.
Invoked RoslynAnalysisRunner static constructor.
RoslynAnalysisRunner will not be running.
RoslynAnalysisRunner has terminated.
Mono: successfully reloaded assembly
- Completed reload, in  1.474 seconds
Platform modules already initialized, skipping
Registering precompiled user dll's ...
Registered in 0.001929 seconds.
Begin MonoManager ReloadAssembly
Native extension for WindowsStandalone target not found
Refreshing native plugins compatible for Editor in 81.88 ms, found 0 plugins.
Preloading 0 native plugins for Editor in 0.00 ms.
Invoked RoslynAnalysisRunner static constructor.
RoslynAnalysisRunner will not be running.
RoslynAnalysisRunner has terminated.
Mono: successfully reloaded assembly
- Completed reload, in  1.204 seconds
Platform modules already initialized, skipping
========================================================================
Worker process is ready to serve import requests
Property (_MainTex) already exists. Use SetTexture instead.

Shader 'Universal Render Pipeline/Particles/Lit': fallback shader 'Universal Render Pipeline/Particles/SimpleLit' not found
Launched and connected shader compiler UnityShaderCompiler.exe after 0.05 seconds
Refreshing native plugins compatible for Editor in 0.59 ms, found 0 plugins.
Preloading 0 native plugins for Editor in 0.00 ms.
Unloading 3100 Unused Serialized files (Serialized files now loaded: 0)
System memory in use before: 178.8 MB.
System memory in use after: 176.3 MB.

Unloading 43 unused Assets to reduce memory usage. Loaded Objects now: 3513.
Total: 4.588800 ms (FindLiveObjects: 0.591900 ms CreateObjectMapping: 0.287500 ms MarkObjects: 2.346600 ms  DeleteObjects: 1.361300 ms)

========================================================================
Received Import Request.
  path: Assets/Game/Assets/VisualEffects/Shader/S_Effect_Soul.shader
  artifactKey: Guid(94686b9ab50b22641a93946c8b95bb10) Importer(815301076,1909f56bfc062723c751e8b465ee728b)
Start importing Assets/Game/Assets/VisualEffects/Shader/S_Effect_Soul.shader using Guid(94686b9ab50b22641a93946c8b95bb10) Importer(815301076,1909f56bfc062723c751e8b465ee728b)  -> (artifact id: 'aac701fb4b4a490d743ef116dfb68f8e') in 0.065205 seconds
  Import took 0.070653 seconds .

========================================================================
Received Import Request.
  Time since last request: 161.007998 seconds.
  path: Assets/Game/Assets/VisualEffects/Shader/S_Effect_Soul.shader
  artifactKey: Guid(94686b9ab50b22641a93946c8b95bb10) Importer(815301076,1909f56bfc062723c751e8b465ee728b)
Start importing Assets/Game/Assets/VisualEffects/Shader/S_Effect_Soul.shader using Guid(94686b9ab50b22641a93946c8b95bb10) Importer(815301076,1909f56bfc062723c751e8b465ee728b)  -> (artifact id: '29a585a6533c62fd943c53305f3e6e54') in 0.005896 seconds
  Import took 0.014509 seconds .

========================================================================
Received Import Request.
  Time since last request: 5.597365 seconds.
  path: Assets/Game/Assets/VisualEffects/Shader/S_Effect_Pc_Attack.shader
  artifactKey: Guid(5aea507e441d8d24fa818268bbf3da91) Importer(815301076,1909f56bfc062723c751e8b465ee728b)
Start importing Assets/Game/Assets/VisualEffects/Shader/S_Effect_Pc_Attack.shader using Guid(5aea507e441d8d24fa818268bbf3da91) Importer(815301076,1909f56bfc062723c751e8b465ee728b)  -> (artifact id: 'a1f020ba92bd75ee60cbbc978ef6377a') in 0.008451 seconds
  Import took 0.015430 seconds .

========================================================================
Received Import Request.
  Time since last request: 0.024671 seconds.
  path: Assets/Game/Assets/VisualEffects/Shader/S_Effect_Pc_Attack.shader
  artifactKey: Guid(5aea507e441d8d24fa818268bbf3da91) Importer(815301076,1909f56bfc062723c751e8b465ee728b)
Start importing Assets/Game/Assets/VisualEffects/Shader/S_Effect_Pc_Attack.shader using Guid(5aea507e441d8d24fa818268bbf3da91) Importer(815301076,1909f56bfc062723c751e8b465ee728b)  -> (artifact id: 'a1f020ba92bd75ee60cbbc978ef6377a') in 0.005322 seconds
  Import took 0.013141 seconds .

========================================================================
Received Import Request.
  Time since last request: 13.641975 seconds.
  path: Assets/Game/Assets/VisualEffects/Shader/S_Effect_Soul.mat
  artifactKey: Guid(fb2fad80bb2a7c141b8302d0299327bf) Importer(815301076,1909f56bfc062723c751e8b465ee728b)
Start importing Assets/Game/Assets/VisualEffects/Shader/S_Effect_Soul.mat using Guid(fb2fad80bb2a7c141b8302d0299327bf) Importer(815301076,1909f56bfc062723c751e8b465ee728b)  -> (artifact id: '7862296accbc625392f685a5e471fd8c') in 0.721478 seconds
  Import took 0.733079 seconds .

========================================================================
Received Import Request.
  Time since last request: 140.826712 seconds.
  path: Assets/ExampleAssets/Models/brush_low.fbx
  artifactKey: Guid(aed8c47425ab91f4eb06ce6fe47c3e4e) Importer(815301076,1909f56bfc062723c751e8b465ee728b)
Start importing Assets/ExampleAssets/Models/brush_low.fbx using Guid(aed8c47425ab91f4eb06ce6fe47c3e4e) Importer(815301076,1909f56bfc062723c751e8b465ee728b)  -> (artifact id: '762b55fff05e360c0192cc85af4ae371') in 0.239533 seconds
  Import took 0.248458 seconds .

========================================================================
Received Import Request.
  Time since last request: 57.600434 seconds.
  path: Assets/Game/Assets/VisualEffects/Materials/Common/M_Effect_DistortionSmoke18.mat
  artifactKey: Guid(cdc183a9c59e5fc4787fab317e0d3297) Importer(815301076,1909f56bfc062723c751e8b465ee728b)
Start importing Assets/Game/Assets/VisualEffects/Materials/Common/M_Effect_DistortionSmoke18.mat using Guid(cdc183a9c59e5fc4787fab317e0d3297) Importer(815301076,1909f56bfc062723c751e8b465ee728b)  -> (artifact id: '85a236e8498be90d5042267269a1f08c') in 0.054679 seconds
  Import took 0.066056 seconds .

========================================================================
Received Import Request.
  Time since last request: 0.000772 seconds.
  path: Assets/Game/Assets/VisualEffects/Materials/Common/M_Effect_Impact1dn.mat
  artifactKey: Guid(dbf2bacd37a303e4fa539e47abe9b51f) Importer(815301076,1909f56bfc062723c751e8b465ee728b)
Start importing Assets/Game/Assets/VisualEffects/Materials/Common/M_Effect_Impact1dn.mat using Guid(dbf2bacd37a303e4fa539e47abe9b51f) Importer(815301076,1909f56bfc062723c751e8b465ee728b)  -> (artifact id: 'db22408680f37fa8b75cec0a29449918') in 0.118044 seconds
  Import took 0.142830 seconds .

========================================================================
Received Import Request.
  Time since last request: 0.000227 seconds.
  path: Assets/Game/Assets/VisualEffects/Materials/Common/M_Effect_DistortionSmoke18.mat
  artifactKey: Guid(cdc183a9c59e5fc4787fab317e0d3297) Importer(815301076,1909f56bfc062723c751e8b465ee728b)
Start importing Assets/Game/Assets/VisualEffects/Materials/Common/M_Effect_DistortionSmoke18.mat using Guid(cdc183a9c59e5fc4787fab317e0d3297) Importer(815301076,1909f56bfc062723c751e8b465ee728b)  -> (artifact id: '85a236e8498be90d5042267269a1f08c') in 0.015900 seconds
  Import took 0.022402 seconds .

========================================================================
Received Import Request.
  Time since last request: 0.000194 seconds.
  path: Assets/Game/Assets/VisualEffects/Materials/Common/M_Effect_Impact1dn.mat
  artifactKey: Guid(dbf2bacd37a303e4fa539e47abe9b51f) Importer(815301076,1909f56bfc062723c751e8b465ee728b)
Start importing Assets/Game/Assets/VisualEffects/Materials/Common/M_Effect_Impact1dn.mat using Guid(dbf2bacd37a303e4fa539e47abe9b51f) Importer(815301076,1909f56bfc062723c751e8b465ee728b)  -> (artifact id: 'db22408680f37fa8b75cec0a29449918') in 0.034024 seconds
  Import took 0.040338 seconds .

========================================================================
Received Import Request.
  Time since last request: 2.006067 seconds.
  path: Assets/Game/Assets/VisualEffects/Materials
  artifactKey: Guid(68de7ccc928acf64e966ca2f90074ede) Importer(815301076,1909f56bfc062723c751e8b465ee728b)
Start importing Assets/Game/Assets/VisualEffects/Materials using Guid(68de7ccc928acf64e966ca2f90074ede) Importer(815301076,1909f56bfc062723c751e8b465ee728b)  -> (artifact id: 'e2cf22b3ce85943c65d7109f17f672fa') in 0.008743 seconds
  Import took 0.014874 seconds .

========================================================================
Received Import Request.
  Time since last request: 16.143979 seconds.
  path: Assets/Game/Assets/VisualEffects/Materials/M_Effect_Soul_Flame.mat
  artifactKey: Guid(23032ee1ec0673e4788e2c64dc55cab0) Importer(815301076,1909f56bfc062723c751e8b465ee728b)
Start importing Assets/Game/Assets/VisualEffects/Materials/M_Effect_Soul_Flame.mat using Guid(23032ee1ec0673e4788e2c64dc55cab0) Importer(815301076,1909f56bfc062723c751e8b465ee728b)  -> (artifact id: '03b22f74c27193ed74b1319cceb43683') in 0.018997 seconds
  Import took 0.025206 seconds .

========================================================================
Received Import Request.
  Time since last request: 303.239273 seconds.
  path: Assets/Game/Assets/VisualEffects/Materials/Pc/M_Effect_Soul_Attack.mat
  artifactKey: Guid(77eb13ef64a8a8f49a1de470bd61d513) Importer(815301076,1909f56bfc062723c751e8b465ee728b)
Start importing Assets/Game/Assets/VisualEffects/Materials/Pc/M_Effect_Soul_Attack.mat using Guid(77eb13ef64a8a8f49a1de470bd61d513) Importer(815301076,1909f56bfc062723c751e8b465ee728b)  -> (artifact id: '19e9e90030b6099a3c97112a9d808440') in 0.024518 seconds
  Import took 0.034511 seconds .

========================================================================
Received Import Request.
  Time since last request: 0.006999 seconds.
  path: Assets/Game/Assets/VisualEffects/Materials/Pc/M_Effect_Soul_Attack.mat
  artifactKey: Guid(77eb13ef64a8a8f49a1de470bd61d513) Importer(815301076,1909f56bfc062723c751e8b465ee728b)
Start importing Assets/Game/Assets/VisualEffects/Materials/Pc/M_Effect_Soul_Attack.mat using Guid(77eb13ef64a8a8f49a1de470bd61d513) Importer(815301076,1909f56bfc062723c751e8b465ee728b)  -> (artifact id: '19e9e90030b6099a3c97112a9d808440') in 0.019059 seconds
  Import took 0.026307 seconds .

========================================================================
Received Import Request.
  Time since last request: 3.447014 seconds.
  path: Assets/Game/Assets/VisualEffects/Shader/S_Effect_Soul.mat
  artifactKey: Guid(fb2fad80bb2a7c141b8302d0299327bf) Importer(815301076,1909f56bfc062723c751e8b465ee728b)
Start importing Assets/Game/Assets/VisualEffects/Shader/S_Effect_Soul.mat using Guid(fb2fad80bb2a7c141b8302d0299327bf) Importer(815301076,1909f56bfc062723c751e8b465ee728b)  -> (artifact id: 'd9176ae57d4ac16a2586041333851da5') in 0.010700 seconds
  Import took 0.018031 seconds .

========================================================================
Received Import Request.
  Time since last request: 108.144561 seconds.
  path: Assets/Game/Assets/VisualEffects/Shader/S_Effect_Soul.shader
  artifactKey: Guid(94686b9ab50b22641a93946c8b95bb10) Importer(815301076,1909f56bfc062723c751e8b465ee728b)
Start importing Assets/Game/Assets/VisualEffects/Shader/S_Effect_Soul.shader using Guid(94686b9ab50b22641a93946c8b95bb10) Importer(815301076,1909f56bfc062723c751e8b465ee728b)  -> (artifact id: '57a83d5ccfb5aa685e04ef7110679c1e') in 0.003550 seconds
  Import took 0.013445 seconds .

========================================================================
Received Import Request.
  Time since last request: 20.532963 seconds.
  path: Assets/Game/Assets/VisualEffects/Shader/S_Effect_Soul.shader
  artifactKey: Guid(94686b9ab50b22641a93946c8b95bb10) Importer(815301076,1909f56bfc062723c751e8b465ee728b)
Start importing Assets/Game/Assets/VisualEffects/Shader/S_Effect_Soul.shader using Guid(94686b9ab50b22641a93946c8b95bb10) Importer(815301076,1909f56bfc062723c751e8b465ee728b)  -> (artifact id: 'a4e69c4576863d76aa9ed1aaf4ca9bb0') in 0.007800 seconds
  Import took 0.016745 seconds .

========================================================================
Received Import Request.
  Time since last request: 3.326075 seconds.
  path: Assets/Game/Assets/VisualEffects/Materials/M_Effect_Soul_Flame.mat
  artifactKey: Guid(23032ee1ec0673e4788e2c64dc55cab0) Importer(815301076,1909f56bfc062723c751e8b465ee728b)
Start importing Assets/Game/Assets/VisualEffects/Materials/M_Effect_Soul_Flame.mat using Guid(23032ee1ec0673e4788e2c64dc55cab0) Importer(815301076,1909f56bfc062723c751e8b465ee728b)  -> (artifact id: '9d7f23e74788b5d8fe7fb955d0013311') in 0.026303 seconds
  Import took 0.034958 seconds .

========================================================================
Received Prepare
Registering precompiled user dll's ...
Registered in 0.008612 seconds.
Begin MonoManager ReloadAssembly
Native extension for WindowsStandalone target not found
Refreshing native plugins compatible for Editor in 1.02 ms, found 0 plugins.
Preloading 0 native plugins for Editor in 0.00 ms.
Invoked RoslynAnalysisRunner static constructor.
RoslynAnalysisRunner will not be running.
RoslynAnalysisRunner has terminated.
Mono: successfully reloaded assembly
- Completed reload, in  1.789 seconds
Platform modules already initialized, skipping
Property (_MainTex) already exists. Use SetTexture instead.

Shader 'Universal Render Pipeline/Particles/Lit': fallback shader 'Universal Render Pipeline/Particles/SimpleLit' not found
Refreshing native plugins compatible for Editor in 0.54 ms, found 0 plugins.
Preloading 0 native plugins for Editor in 0.00 ms.
Unloading 2796 Unused Serialized files (Serialized files now loaded: 0)
System memory in use before: 158.6 MB.
System memory in use after: 156.0 MB.

Unloading 38 unused Assets to reduce memory usage. Loaded Objects now: 3599.
Total: 5.211900 ms (FindLiveObjects: 0.427500 ms CreateObjectMapping: 0.138000 ms MarkObjects: 2.820500 ms  DeleteObjects: 1.824000 ms)

========================================================================
Received Import Request.
  Time since last request: 274.424504 seconds.
  path: Assets/Game/Assets/VisualEffects/Dummy/Test.playable
  artifactKey: Guid(3d287b423453dd2439decd73ef2178d0) Importer(815301076,1909f56bfc062723c751e8b465ee728b)
Start importing Assets/Game/Assets/VisualEffects/Dummy/Test.playable using Guid(3d287b423453dd2439decd73ef2178d0) Importer(815301076,1909f56bfc062723c751e8b465ee728b)  -> (artifact id: 'ff9e9569a5d76d5c91ebe5f80923806d') in 0.067533 seconds
  Import took 0.077474 seconds .

========================================================================
Received Import Request.
  Time since last request: 219.061896 seconds.
  path: Assets/Game/Assets/VisualEffects/Prefabs/Pc/Effect_Pc_soul_attack.prefab
  artifactKey: Guid(47e5fcabb9b076848a0beb5ea5bf7ffb) Importer(815301076,1909f56bfc062723c751e8b465ee728b)
Start importing Assets/Game/Assets/VisualEffects/Prefabs/Pc/Effect_Pc_soul_attack.prefab using Guid(47e5fcabb9b076848a0beb5ea5bf7ffb) Importer(815301076,1909f56bfc062723c751e8b465ee728b)  -> (artifact id: '5277dc4117117365ef84b5054b22e7c9') in 0.029135 seconds
  Import took 0.038484 seconds .

========================================================================
Received Import Request.
  Time since last request: 6.544318 seconds.
  path: Assets/Game/Assets/VisualEffects/Prefabs/Pc/Effect_Soul_Boom.prefab
  artifactKey: Guid(07d79bfbd16815749b30b5a1eed1022d) Importer(815301076,1909f56bfc062723c751e8b465ee728b)
Start importing Assets/Game/Assets/VisualEffects/Prefabs/Pc/Effect_Soul_Boom.prefab using Guid(07d79bfbd16815749b30b5a1eed1022d) Importer(815301076,1909f56bfc062723c751e8b465ee728b)  -> (artifact id: 'd84ed0927d7ac588ec43ce4acf747252') in 0.067361 seconds
  Import took 0.074957 seconds .

========================================================================
Received Import Request.
  Time since last request: 3.479674 seconds.
  path: Assets/Game/Assets/VisualEffects/Prefabs/Pc/Effect_Charge.prefab
  artifactKey: Guid(2cf54a2f00ef0f74cafc178c330f8f05) Importer(815301076,1909f56bfc062723c751e8b465ee728b)
Start importing Assets/Game/Assets/VisualEffects/Prefabs/Pc/Effect_Charge.prefab using Guid(2cf54a2f00ef0f74cafc178c330f8f05) Importer(815301076,1909f56bfc062723c751e8b465ee728b)  -> (artifact id: '19db582140c89cf014cc394c6ab33a6f') in 0.011423 seconds
  Import took 0.018799 seconds .

========================================================================
Received Import Request.
  Time since last request: 2.041533 seconds.
  path: Assets/Game/Assets/VisualEffects/Prefabs/Pc/Effect_Soul.prefab
  artifactKey: Guid(a9cca73a002b2b84798883385da020bd) Importer(815301076,1909f56bfc062723c751e8b465ee728b)
Start importing Assets/Game/Assets/VisualEffects/Prefabs/Pc/Effect_Soul.prefab using Guid(a9cca73a002b2b84798883385da020bd) Importer(815301076,1909f56bfc062723c751e8b465ee728b)  -> (artifact id: '312f22e2f726f8f8fe201dd801f0bbce') in 0.226080 seconds
  Import took 0.233089 seconds .

========================================================================
Received Import Request.
  Time since last request: 98.344240 seconds.
  path: Assets/Game/Assets/VisualEffects/Shader/S_Blend_CG.shadergraph
  artifactKey: Guid(00191177e5fd5c4468ad546ce87ef329) Importer(815301076,1909f56bfc062723c751e8b465ee728b)
Start importing Assets/Game/Assets/VisualEffects/Shader/S_Blend_CG.shadergraph using Guid(00191177e5fd5c4468ad546ce87ef329) Importer(815301076,1909f56bfc062723c751e8b465ee728b)  -> (artifact id: '75fdd286dd602f00c44fe222d19e4b51') in 0.021829 seconds
  Import took 0.027427 seconds .

========================================================================
Received Import Request.
  Time since last request: 0.086428 seconds.
  path: Assets/Game/Assets/VisualEffects/Shader/S_DissolveNoise.shader
  artifactKey: Guid(145bae762d8de8f4c8fb1b284128fae7) Importer(815301076,1909f56bfc062723c751e8b465ee728b)
Start importing Assets/Game/Assets/VisualEffects/Shader/S_DissolveNoise.shader using Guid(145bae762d8de8f4c8fb1b284128fae7) Importer(815301076,1909f56bfc062723c751e8b465ee728b)  -> (artifact id: '2ee06a23483c864c6c2c593974e554e9') in 0.005920 seconds
  Import took 0.011290 seconds .

========================================================================
Received Import Request.
  Time since last request: 0.368249 seconds.
  path: Assets/Game/Assets/VisualEffects/Shader/M_Effect_Soul.mat
  artifactKey: Guid(fb2fad80bb2a7c141b8302d0299327bf) Importer(815301076,1909f56bfc062723c751e8b465ee728b)
Start importing Assets/Game/Assets/VisualEffects/Shader/M_Effect_Soul.mat using Guid(fb2fad80bb2a7c141b8302d0299327bf) Importer(815301076,1909f56bfc062723c751e8b465ee728b)  -> (artifact id: '0e5ff29c3406affd302381cf8355ad0d') in 0.027311 seconds
  Import took 0.032989 seconds .

========================================================================
Received Import Request.
  Time since last request: 0.071791 seconds.
  path: Assets/Game/Assets/VisualEffects/Shader/M_Effect_SoulIn.mat
  artifactKey: Guid(72f63c0df6764fa42987f16d66b95988) Importer(815301076,1909f56bfc062723c751e8b465ee728b)
Start importing Assets/Game/Assets/VisualEffects/Shader/M_Effect_SoulIn.mat using Guid(72f63c0df6764fa42987f16d66b95988) Importer(815301076,1909f56bfc062723c751e8b465ee728b)  -> (artifact id: '60be39548b9d963531a75fdeb87f4ff4') in 0.024988 seconds
  Import took 0.031795 seconds .

========================================================================
Received Import Request.
  Time since last request: 473.032658 seconds.
  path: Assets/ExampleAssets/Materials/PaintBrush_Mat.mat
  artifactKey: Guid(539165557a9d3744680bb21164bea45e) Importer(815301076,1909f56bfc062723c751e8b465ee728b)
Start importing Assets/ExampleAssets/Materials/PaintBrush_Mat.mat using Guid(539165557a9d3744680bb21164bea45e) Importer(815301076,1909f56bfc062723c751e8b465ee728b)  -> (artifact id: '2b2255795b83e198d35e4cb44b0f3e5b') in 0.127542 seconds
  Import took 0.135159 seconds .

========================================================================
Received Import Request.
  Time since last request: 0.004163 seconds.
  path: Assets/ExampleAssets/Materials/PaintBrush_Mat.mat
  artifactKey: Guid(539165557a9d3744680bb21164bea45e) Importer(815301076,1909f56bfc062723c751e8b465ee728b)
Start importing Assets/ExampleAssets/Materials/PaintBrush_Mat.mat using Guid(539165557a9d3744680bb21164bea45e) Importer(815301076,1909f56bfc062723c751e8b465ee728b)  -> (artifact id: '2b2255795b83e198d35e4cb44b0f3e5b') in 0.018060 seconds
  Import took 0.028153 seconds .

========================================================================
Received Import Request.
  Time since last request: 20.030916 seconds.
  path: Assets/ExampleAssets/Materials/Plastic_Ridges_Mat.mat
  artifactKey: Guid(c05de7c865075334786e6a47a543af72) Importer(815301076,1909f56bfc062723c751e8b465ee728b)
Start importing Assets/ExampleAssets/Materials/Plastic_Ridges_Mat.mat using Guid(c05de7c865075334786e6a47a543af72) Importer(815301076,1909f56bfc062723c751e8b465ee728b)  -> (artifact id: 'cbf7efc7eb1f76073f614c6453971b5b') in 0.073975 seconds
  Import took 0.081370 seconds .

========================================================================
Received Import Request.
  Time since last request: 1862.643200 seconds.
  path: Assets/Game/Assets/VisualEffects/Materials/Pc
  artifactKey: Guid(f44476bb54563bb479baf1463e748c26) Importer(815301076,1909f56bfc062723c751e8b465ee728b)
Start importing Assets/Game/Assets/VisualEffects/Materials/Pc using Guid(f44476bb54563bb479baf1463e748c26) Importer(815301076,1909f56bfc062723c751e8b465ee728b)  -> (artifact id: 'a57f725cf597ff9f09a4f7c943f01ebe') in 0.008227 seconds
  Import took 0.017013 seconds .

========================================================================
Received Import Request.
  Time since last request: 211.124087 seconds.
  path: Assets/Game/Assets/VisualEffects/Prefabs/Pc/Effect_RushAttack.prefab
  artifactKey: Guid(426ec620bfaa382448f399135d6c94fb) Importer(815301076,1909f56bfc062723c751e8b465ee728b)
Start importing Assets/Game/Assets/VisualEffects/Prefabs/Pc/Effect_RushAttack.prefab using Guid(426ec620bfaa382448f399135d6c94fb) Importer(815301076,1909f56bfc062723c751e8b465ee728b)  -> (artifact id: '5dbd04d04e83f4a6caec63d176b23b66') in 0.036949 seconds
  Import took 0.046960 seconds .

========================================================================
Received Import Request.
  Time since last request: 0.008029 seconds.
  path: Assets/Game/Assets/VisualEffects/Prefabs/Pc/Effect_RushAttack.prefab
  artifactKey: Guid(426ec620bfaa382448f399135d6c94fb) Importer(815301076,1909f56bfc062723c751e8b465ee728b)
Start importing Assets/Game/Assets/VisualEffects/Prefabs/Pc/Effect_RushAttack.prefab using Guid(426ec620bfaa382448f399135d6c94fb) Importer(815301076,1909f56bfc062723c751e8b465ee728b)  -> (artifact id: '5dbd04d04e83f4a6caec63d176b23b66') in 0.005446 seconds
  Import took 0.012884 seconds .

========================================================================
Received Import Request.
  Time since last request: 56.762510 seconds.
  path: Assets/Game/Assets/VisualEffects/Shader/S_Add_CG.shadergraph
  artifactKey: Guid(809ae895b07ba5f4587b4fd1dabdfbfe) Importer(815301076,1909f56bfc062723c751e8b465ee728b)
Start importing Assets/Game/Assets/VisualEffects/Shader/S_Add_CG.shadergraph using Guid(809ae895b07ba5f4587b4fd1dabdfbfe) Importer(815301076,1909f56bfc062723c751e8b465ee728b)  -> (artifact id: 'bb8f225f9561fbfe37e714e70a7693ad') in 0.007466 seconds
  Import took 0.013529 seconds .

========================================================================
Received Import Request.
  Time since last request: 0.024798 seconds.
  path: Assets/Hovl Studio/Sword slash VFX/Materials/Smoke27bcg.mat
  artifactKey: Guid(5dfed3dd686054146a53842d5f100ec2) Importer(815301076,1909f56bfc062723c751e8b465ee728b)
Start importing Assets/Hovl Studio/Sword slash VFX/Materials/Smoke27bcg.mat using Guid(5dfed3dd686054146a53842d5f100ec2) Importer(815301076,1909f56bfc062723c751e8b465ee728b)  -> (artifact id: 'cb8a5cfd9f4cd378e66db84612f7fb56') in 0.023174 seconds
  Import took 0.028813 seconds .

========================================================================
Received Import Request.
  Time since last request: 0.138990 seconds.
  path: Assets/Hovl Studio/Render Pipelines support/Shaders/LWRP_Add_CG.shadergraph
  artifactKey: Guid(1dd1dffb9f113634dbcac85f5bb61876) Importer(815301076,1909f56bfc062723c751e8b465ee728b)
Start importing Assets/Hovl Studio/Render Pipelines support/Shaders/LWRP_Add_CG.shadergraph using Guid(1dd1dffb9f113634dbcac85f5bb61876) Importer(815301076,1909f56bfc062723c751e8b465ee728b)  -> (artifact id: '9a901ef2040be31f443496b1cfef538d') in 0.006808 seconds
  Import took 0.014462 seconds .

========================================================================
Received Import Request.
  Time since last request: 0.027225 seconds.
  path: Assets/Hovl Studio/Render Pipelines support/Shaders/LWRP_Blend_CG.shadergraph
  artifactKey: Guid(5f3df220084548b48a059e1a76cee2a6) Importer(815301076,1909f56bfc062723c751e8b465ee728b)
Start importing Assets/Hovl Studio/Render Pipelines support/Shaders/LWRP_Blend_CG.shadergraph using Guid(5f3df220084548b48a059e1a76cee2a6) Importer(815301076,1909f56bfc062723c751e8b465ee728b)  -> (artifact id: 'ceeb5a0eca8514d32842b2cd6f6fc03f') in 0.005943 seconds
  Import took 0.011756 seconds .

========================================================================
Received Import Request.
  Time since last request: 0.072205 seconds.
  path: Assets/Hovl Studio/Render Pipelines support/Shaders/LWRP_Blend_Normals.shadergraph
  artifactKey: Guid(d84ea5bdbc3687f438425a99bb871260) Importer(815301076,1909f56bfc062723c751e8b465ee728b)
Start importing Assets/Hovl Studio/Render Pipelines support/Shaders/LWRP_Blend_Normals.shadergraph using Guid(d84ea5bdbc3687f438425a99bb871260) Importer(815301076,1909f56bfc062723c751e8b465ee728b)  -> (artifact id: '947f5e316ac97b55c9b15f869ff6a22d') in 0.005989 seconds
  Import took 0.019973 seconds .

========================================================================
Received Import Request.
  Time since last request: 0.010532 seconds.
  path: Assets/Hovl Studio/Sword slash VFX/Materials/Snow4bcg.mat
  artifactKey: Guid(35f5e6dc715494f44b17248eee5426bd) Importer(815301076,1909f56bfc062723c751e8b465ee728b)
Start importing Assets/Hovl Studio/Sword slash VFX/Materials/Snow4bcg.mat using Guid(35f5e6dc715494f44b17248eee5426bd) Importer(815301076,1909f56bfc062723c751e8b465ee728b)  -> (artifact id: 'cca32e4397329d4fc66d5cfe04567d27') in 0.022481 seconds
  Import took 0.028879 seconds .

AssetImportWorkerClient::OnTransportError - code=2 error=End of file
